{
  message: 'Successfully server is running',
  level: 'info',
  label: 'UniversityManagement',
  timestamp: '2023-06-05T19:40:13.460Z'
}
{
  message: 'Server is running from 5000',
  level: 'info',
  label: 'UniversityManagement',
  timestamp: '2023-06-05T19:40:13.476Z'
}
{
  message: 'Successfully server is running',
  level: 'info',
  label: 'UniversityManagement',
  timestamp: '2023-06-05T19:40:25.977Z'
}
{
  message: 'Server is running from 5000',
  level: 'info',
  label: 'UniversityManagement',
  timestamp: '2023-06-05T19:40:26.009Z'
}
{
  message: 'Successfully server is running',
  level: 'info',
  label: 'UniversityManagement',
  timestamp: '2023-06-05T19:40:52.884Z'
}
{
  message: 'Server is running from 5000',
  level: 'info',
  label: 'UniversityManagement',
  timestamp: '2023-06-05T19:40:52.898Z'
}
{
  message: 'Successfully server is running',
  level: 'info',
  label: 'UniversityManagement',
  timestamp: '2023-06-05T19:41:05.071Z'
}
{
  message: 'Server is running from 5000',
  level: 'info',
  label: 'UniversityManagement',
  timestamp: '2023-06-05T19:41:05.085Z'
}
{
  message: 'Successfully server is running',
  level: 'info',
  label: 'UniversityManagement',
  timestamp: '2023-06-05T19:41:13.703Z'
}
{
  message: 'Server is running from 5000',
  level: 'info',
  label: 'UniversityManagement',
  timestamp: '2023-06-05T19:41:13.718Z'
}
{
  message: 'Successfully server is running',
  level: 'info',
  label: 'UniversityManagement',
  timestamp: '2023-06-05T19:41:27.727Z'
}
{
  message: 'Server is running from 5000',
  level: 'info',
  label: 'UniversityManagement',
  timestamp: '2023-06-05T19:41:27.742Z'
}
{
  message: 'Successfully server is running',
  level: 'info',
  label: 'UniversityManagement',
  timestamp: '2023-06-05T19:41:37.254Z'
}
{
  message: 'Server is running from 5000',
  level: 'info',
  label: 'UniversityManagement',
  timestamp: '2023-06-05T19:41:37.268Z'
}
{
  message: 'Successfully server is running',
  level: 'info',
  label: 'UniversityManagement',
  timestamp: '2023-06-05T19:41:53.737Z'
}
{
  message: 'Server is running from 5000',
  level: 'info',
  label: 'UniversityManagement',
  timestamp: '2023-06-05T19:41:53.760Z'
}
